
----------------------------------
Using stored unhandled routes!.
   To discover new routes in the angular app use "npm run scully -- --scanRoutes"
----------------------------------

----------------------------------
Using stored unhandled routes!.
   To discover new routes in the angular app use "npm run scully -- --scanRoutes"
----------------------------------

----------------------------------
Using stored unhandled routes!.
   To discover new routes in the angular app use "npm run scully -- --scanRoutes"
----------------------------------

----------------------------------
Using stored unhandled routes!.
   To discover new routes in the angular app use "npm run scully -- --scanRoutes"
----------------------------------

----------------------------------
Using stored unhandled routes!.
   To discover new routes in the angular app use "npm run scully -- --scanRoutes"
----------------------------------
Received Kill commandClosed servers


----------------------------------
Using stored unhandled routes!.
   To discover new routes in the angular app use "npm run scully -- --scanRoutes"
----------------------------------

----------------------------------
Using stored unhandled routes!.
   To discover new routes in the angular app use "npm run scully -- --scanRoutes"
----------------------------------

----------------------------------
Using stored unhandled routes!.
   To discover new routes in the angular app use "npm run scully -- --scanRoutes"
----------------------------------

----------------------------------
Using stored unhandled routes!.
   To discover new routes in the angular app use "npm run scully -- --scanRoutes"
----------------------------------

----------------------------------
Using stored unhandled routes!.
   To discover new routes in the angular app use "npm run scully -- --scanRoutes"
----------------------------------

----------------------------------
Using stored unhandled routes!.
   To discover new routes in the angular app use "npm run scully -- --scanRoutes"
----------------------------------

----------------------------------
Using stored unhandled routes!.
   To discover new routes in the angular app use "npm run scully -- --scanRoutes"
----------------------------------

      ----------------
      Error, missing "<scully-content>" in route "/posts/2021-08-29-posts"
      without <scully-content> we can not render this route.
      Make sure it is in there, and not inside any conditionals (*ngIf)
      You can check this by opening "http://localhost:4200/posts/2021-08-29-posts"
      when you serve your app with ng serve and then in the browsers console run:
      document.querySelector('scully-content')
      ----------------
      

----------------------------------
Using stored unhandled routes!.
   To discover new routes in the angular app use "npm run scully -- --scanRoutes"
----------------------------------

      ----------------
      Error, missing "<scully-content>" in route "/posts/2021-08-29-posts"
      without <scully-content> we can not render this route.
      Make sure it is in there, and not inside any conditionals (*ngIf)
      You can check this by opening "http://localhost:4200/posts/2021-08-29-posts"
      when you serve your app with ng serve and then in the browsers console run:
      document.querySelector('scully-content')
      ----------------
      
      ----------------
      Error, missing "<scully-content>" in route "/posts/post-2"
      without <scully-content> we can not render this route.
      Make sure it is in there, and not inside any conditionals (*ngIf)
      You can check this by opening "http://localhost:4200/posts/post-2"
      when you serve your app with ng serve and then in the browsers console run:
      document.querySelector('scully-content')
      ----------------
      


----------------------------------
Using stored unhandled routes!.
   To discover new routes in the angular app use "npm run scully -- --scanRoutes"
----------------------------------TypeError: files is not iterable The router plugin "contentFolder has thrown the below error,
              while trying to render route "unknown"
              Scully will exit



----------------------------------
Using stored unhandled routes!.
   To discover new routes in the angular app use "npm run scully -- --scanRoutes"
----------------------------------

      ----------------
      Error, missing "<scully-content>" in route "/posts/My_Blog_Intro"
      without <scully-content> we can not render this route.
      Make sure it is in there, and not inside any conditionals (*ngIf)
      You can check this by opening "http://localhost:4200/posts/My_Blog_Intro"
      when you serve your app with ng serve and then in the browsers console run:
      document.querySelector('scully-content')
      ----------------
      

      ----------------
      Error, missing "<scully-content>" in route "/posts/Chess_Openings"
      without <scully-content> we can not render this route.
      Make sure it is in there, and not inside any conditionals (*ngIf)
      You can check this by opening "http://localhost:4200/posts/Chess_Openings"
      when you serve your app with ng serve and then in the browsers console run:
      document.querySelector('scully-content')
      ----------------
      
Received Kill commandClosed servers


----------------------------------
Using stored unhandled routes!.
   To discover new routes in the angular app use "npm run scully -- --scanRoutes"
----------------------------------

      ----------------
      Error, missing "<scully-content>" in route "/posts/___UNPUBLISHED___ku1dt5he_cukXjSv7RQJuLGMLzIjZ5aacESg0ma4g"
      without <scully-content> we can not render this route.
      Make sure it is in there, and not inside any conditionals (*ngIf)
      You can check this by opening "http://localhost:4200/posts/___UNPUBLISHED___ku1dt5he_cukXjSv7RQJuLGMLzIjZ5aacESg0ma4g"
      when you serve your app with ng serve and then in the browsers console run:
      document.querySelector('scully-content')
      ----------------
      
      ----------------
      Error, missing "<scully-content>" in route "/posts/My_Blog_Intro"
      without <scully-content> we can not render this route.
      Make sure it is in there, and not inside any conditionals (*ngIf)
      You can check this by opening "http://localhost:4200/posts/My_Blog_Intro"
      when you serve your app with ng serve and then in the browsers console run:
      document.querySelector('scully-content')
      ----------------
      
      ----------------
      Error, missing "<scully-content>" in route "/posts/Chess_Openings"
      without <scully-content> we can not render this route.
      Make sure it is in there, and not inside any conditionals (*ngIf)
      You can check this by opening "http://localhost:4200/posts/Chess_Openings"
      when you serve your app with ng serve and then in the browsers console run:
      document.querySelector('scully-content')
      ----------------
      

----------------------------------
Using stored unhandled routes!.
   To discover new routes in the angular app use "npm run scully -- --scanRoutes"
----------------------------------

      ----------------
      Error, missing "<scully-content>" in route "/posts/Chess_Openings"
      without <scully-content> we can not render this route.
      Make sure it is in there, and not inside any conditionals (*ngIf)
      You can check this by opening "http://localhost:4200/posts/Chess_Openings"
      when you serve your app with ng serve and then in the browsers console run:
      document.querySelector('scully-content')
      ----------------
      

      ----------------
      Error, missing "<scully-content>" in route "/posts/___UNPUBLISHED___ku1dt5he_cukXjSv7RQJuLGMLzIjZ5aacESg0ma4g"
      without <scully-content> we can not render this route.
      Make sure it is in there, and not inside any conditionals (*ngIf)
      You can check this by opening "http://localhost:4200/posts/___UNPUBLISHED___ku1dt5he_cukXjSv7RQJuLGMLzIjZ5aacESg0ma4g"
      when you serve your app with ng serve and then in the browsers console run:
      document.querySelector('scully-content')
      ----------------
      
      ----------------
      Error, missing "<scully-content>" in route "/posts/My_Blog_Intro"
      without <scully-content> we can not render this route.
      Make sure it is in there, and not inside any conditionals (*ngIf)
      You can check this by opening "http://localhost:4200/posts/My_Blog_Intro"
      when you serve your app with ng serve and then in the browsers console run:
      document.querySelector('scully-content')
      ----------------
      


----------------------------------
Using stored unhandled routes!.
   To discover new routes in the angular app use "npm run scully -- --scanRoutes"
----------------------------------

      ----------------
      Error, missing "<scully-content>" in route "/posts/Chess_Openings"
      without <scully-content> we can not render this route.
      Make sure it is in there, and not inside any conditionals (*ngIf)
      You can check this by opening "http://localhost:4200/posts/Chess_Openings"
      when you serve your app with ng serve and then in the browsers console run:
      document.querySelector('scully-content')
      ----------------
      

      ----------------
      Error, missing "<scully-content>" in route "/posts/___UNPUBLISHED___ku1dt5he_cukXjSv7RQJuLGMLzIjZ5aacESg0ma4g"
      without <scully-content> we can not render this route.
      Make sure it is in there, and not inside any conditionals (*ngIf)
      You can check this by opening "http://localhost:4200/posts/___UNPUBLISHED___ku1dt5he_cukXjSv7RQJuLGMLzIjZ5aacESg0ma4g"
      when you serve your app with ng serve and then in the browsers console run:
      document.querySelector('scully-content')
      ----------------
      
      ----------------
      Error, missing "<scully-content>" in route "/posts/My_Blog_Intro"
      without <scully-content> we can not render this route.
      Make sure it is in there, and not inside any conditionals (*ngIf)
      You can check this by opening "http://localhost:4200/posts/My_Blog_Intro"
      when you serve your app with ng serve and then in the browsers console run:
      document.querySelector('scully-content')
      ----------------
      Received Kill commandClosed servers


----------------------------------
Using stored unhandled routes!.
   To discover new routes in the angular app use "npm run scully -- --scanRoutes"
----------------------------------

      ----------------
      Error, missing "<scully-content>" in route "/posts/___UNPUBLISHED___ku1dt5he_cukXjSv7RQJuLGMLzIjZ5aacESg0ma4g"
      without <scully-content> we can not render this route.
      Make sure it is in there, and not inside any conditionals (*ngIf)
      You can check this by opening "http://localhost:4200/posts/___UNPUBLISHED___ku1dt5he_cukXjSv7RQJuLGMLzIjZ5aacESg0ma4g"
      when you serve your app with ng serve and then in the browsers console run:
      document.querySelector('scully-content')
      ----------------
      

      ----------------
      Error, missing "<scully-content>" in route "/posts/Chess_Openings"
      without <scully-content> we can not render this route.
      Make sure it is in there, and not inside any conditionals (*ngIf)
      You can check this by opening "http://localhost:4200/posts/Chess_Openings"
      when you serve your app with ng serve and then in the browsers console run:
      document.querySelector('scully-content')
      ----------------
      
      ----------------
      Error, missing "<scully-content>" in route "/posts/My_Blog_Intro"
      without <scully-content> we can not render this route.
      Make sure it is in there, and not inside any conditionals (*ngIf)
      You can check this by opening "http://localhost:4200/posts/My_Blog_Intro"
      when you serve your app with ng serve and then in the browsers console run:
      document.querySelector('scully-content')
      ----------------
      


----------------------------------
Using stored unhandled routes!.
   To discover new routes in the angular app use "npm run scully -- --scanRoutes"
----------------------------------

      ----------------
      Error, missing "<scully-content>" in route "/posts/My_Blog_Intro"
      without <scully-content> we can not render this route.
      Make sure it is in there, and not inside any conditionals (*ngIf)
      You can check this by opening "http://localhost:4200/posts/My_Blog_Intro"
      when you serve your app with ng serve and then in the browsers console run:
      document.querySelector('scully-content')
      ----------------
      
      ----------------
      Error, missing "<scully-content>" in route "/posts/Chess_Openings"
      without <scully-content> we can not render this route.
      Make sure it is in there, and not inside any conditionals (*ngIf)
      You can check this by opening "http://localhost:4200/posts/Chess_Openings"
      when you serve your app with ng serve and then in the browsers console run:
      document.querySelector('scully-content')
      ----------------
      


      ----------------
      Error, missing "<scully-content>" in route "/posts/___UNPUBLISHED___ku1dt5he_cukXjSv7RQJuLGMLzIjZ5aacESg0ma4g"
      without <scully-content> we can not render this route.
      Make sure it is in there, and not inside any conditionals (*ngIf)
      You can check this by opening "http://localhost:4200/posts/___UNPUBLISHED___ku1dt5he_cukXjSv7RQJuLGMLzIjZ5aacESg0ma4g"
      when you serve your app with ng serve and then in the browsers console run:
      document.querySelector('scully-content')
      ----------------
      

----------------------------------
Using stored unhandled routes!.
   To discover new routes in the angular app use "npm run scully -- --scanRoutes"
----------------------------------

      ----------------
      Error, missing "<scully-content>" in route "/posts/My_Blog_Intro"
      without <scully-content> we can not render this route.
      Make sure it is in there, and not inside any conditionals (*ngIf)
      You can check this by opening "http://localhost:4200/posts/My_Blog_Intro"
      when you serve your app with ng serve and then in the browsers console run:
      document.querySelector('scully-content')
      ----------------
      

      ----------------
      Error, missing "<scully-content>" in route "/posts/Chess_Openings"
      without <scully-content> we can not render this route.
      Make sure it is in there, and not inside any conditionals (*ngIf)
      You can check this by opening "http://localhost:4200/posts/Chess_Openings"
      when you serve your app with ng serve and then in the browsers console run:
      document.querySelector('scully-content')
      ----------------
      
      ----------------
      Error, missing "<scully-content>" in route "/posts/___UNPUBLISHED___ku1dt5he_cukXjSv7RQJuLGMLzIjZ5aacESg0ma4g"
      without <scully-content> we can not render this route.
      Make sure it is in there, and not inside any conditionals (*ngIf)
      You can check this by opening "http://localhost:4200/posts/___UNPUBLISHED___ku1dt5he_cukXjSv7RQJuLGMLzIjZ5aacESg0ma4g"
      when you serve your app with ng serve and then in the browsers console run:
      document.querySelector('scully-content')
      ----------------
      


----------------------------------
Using stored unhandled routes!.
   To discover new routes in the angular app use "npm run scully -- --scanRoutes"
----------------------------------

      ----------------
      Error, missing "<scully-content>" in route "/posts/Chess_Openings"
      without <scully-content> we can not render this route.
      Make sure it is in there, and not inside any conditionals (*ngIf)
      You can check this by opening "http://localhost:4200/posts/Chess_Openings"
      when you serve your app with ng serve and then in the browsers console run:
      document.querySelector('scully-content')
      ----------------
      

      ----------------
      Error, missing "<scully-content>" in route "/posts/___UNPUBLISHED___ku1dt5he_cukXjSv7RQJuLGMLzIjZ5aacESg0ma4g"
      without <scully-content> we can not render this route.
      Make sure it is in there, and not inside any conditionals (*ngIf)
      You can check this by opening "http://localhost:4200/posts/___UNPUBLISHED___ku1dt5he_cukXjSv7RQJuLGMLzIjZ5aacESg0ma4g"
      when you serve your app with ng serve and then in the browsers console run:
      document.querySelector('scully-content')
      ----------------
      
      ----------------
      Error, missing "<scully-content>" in route "/posts/My_Blog_Intro"
      without <scully-content> we can not render this route.
      Make sure it is in there, and not inside any conditionals (*ngIf)
      You can check this by opening "http://localhost:4200/posts/My_Blog_Intro"
      when you serve your app with ng serve and then in the browsers console run:
      document.querySelector('scully-content')
      ----------------
      


      ----------------
      Error, missing "<scully-content>" in route "/posts/My_Blog_Intro"
      without <scully-content> we can not render this route.
      Make sure it is in there, and not inside any conditionals (*ngIf)
      You can check this by opening "http://localhost:4200/posts/My_Blog_Intro"
      when you serve your app with ng serve and then in the browsers console run:
      document.querySelector('scully-content')
      ----------------
      

      ----------------
      Error, missing "<scully-content>" in route "/posts/___UNPUBLISHED___ku1dt5he_cukXjSv7RQJuLGMLzIjZ5aacESg0ma4g"
      without <scully-content> we can not render this route.
      Make sure it is in there, and not inside any conditionals (*ngIf)
      You can check this by opening "http://localhost:4200/posts/___UNPUBLISHED___ku1dt5he_cukXjSv7RQJuLGMLzIjZ5aacESg0ma4g"
      when you serve your app with ng serve and then in the browsers console run:
      document.querySelector('scully-content')
      ----------------
      
      ----------------
      Error, missing "<scully-content>" in route "/posts/Chess_Openings"
      without <scully-content> we can not render this route.
      Make sure it is in there, and not inside any conditionals (*ngIf)
      You can check this by opening "http://localhost:4200/posts/Chess_Openings"
      when you serve your app with ng serve and then in the browsers console run:
      document.querySelector('scully-content')
      ----------------
      


      ----------------
      Error, missing "<scully-content>" in route "/posts/___UNPUBLISHED___ku1dt5he_cukXjSv7RQJuLGMLzIjZ5aacESg0ma4g"
      without <scully-content> we can not render this route.
      Make sure it is in there, and not inside any conditionals (*ngIf)
      You can check this by opening "http://localhost:4200/posts/___UNPUBLISHED___ku1dt5he_cukXjSv7RQJuLGMLzIjZ5aacESg0ma4g"
      when you serve your app with ng serve and then in the browsers console run:
      document.querySelector('scully-content')
      ----------------
      
      ----------------
      Error, missing "<scully-content>" in route "/posts/My_Blog_Intro"
      without <scully-content> we can not render this route.
      Make sure it is in there, and not inside any conditionals (*ngIf)
      You can check this by opening "http://localhost:4200/posts/My_Blog_Intro"
      when you serve your app with ng serve and then in the browsers console run:
      document.querySelector('scully-content')
      ----------------
      


      ----------------
      Error, missing "<scully-content>" in route "/posts/Chess_Openings"
      without <scully-content> we can not render this route.
      Make sure it is in there, and not inside any conditionals (*ngIf)
      You can check this by opening "http://localhost:4200/posts/Chess_Openings"
      when you serve your app with ng serve and then in the browsers console run:
      document.querySelector('scully-content')
      ----------------
      
Received Kill commandClosed servers

Received Kill commandClosed servers

